<?xml version="1.0" encoding="UTF-8"?>
<coverage generated="1637916458534" clover="3.2.0">
  <project timestamp="1637916458534" name="All files">
    <metrics statements="41" coveredstatements="34" conditionals="30" coveredconditionals="23" methods="15" coveredmethods="11" elements="86" coveredelements="68" complexity="0" loc="41" ncloc="41" packages="2" files="2" classes="2"/>
    <package name="Hello">
      <metrics statements="1" coveredstatements="1" conditionals="0" coveredconditionals="0" methods="1" coveredmethods="1"/>
      <file name="index.tsx" path="/Users/rsharma2/workspace/personal/rt-autocomplete/src/Hello/index.tsx">
        <metrics statements="1" coveredstatements="1" conditionals="0" coveredconditionals="0" methods="1" coveredmethods="1"/>
        <line num="3" count="2" type="stmt"/>
      </file>
    </package>
    <package name="autocomplete">
      <metrics statements="40" coveredstatements="33" conditionals="30" coveredconditionals="23" methods="14" coveredmethods="10"/>
      <file name="index.tsx" path="/Users/rsharma2/workspace/personal/rt-autocomplete/src/autocomplete/index.tsx">
        <metrics statements="40" coveredstatements="33" conditionals="30" coveredconditionals="23" methods="14" coveredmethods="10"/>
        <line num="25" count="1" type="stmt"/>
        <line num="38" count="28" type="stmt"/>
        <line num="39" count="28" type="stmt"/>
        <line num="41" count="28" type="stmt"/>
        <line num="42" count="28" type="stmt"/>
        <line num="44" count="28" type="stmt"/>
        <line num="45" count="8" type="stmt"/>
        <line num="46" count="8" type="cond" truecount="2" falsecount="0"/>
        <line num="49" count="28" type="stmt"/>
        <line num="50" count="0" type="stmt"/>
        <line num="51" count="0" type="stmt"/>
        <line num="54" count="28" type="stmt"/>
        <line num="55" count="1" type="cond" truecount="2" falsecount="0"/>
        <line num="58" count="28" type="stmt"/>
        <line num="59" count="1" type="stmt"/>
        <line num="60" count="1" type="stmt"/>
        <line num="63" count="28" type="stmt"/>
        <line num="64" count="1" type="cond" truecount="1" falsecount="1"/>
        <line num="65" count="1" type="stmt"/>
        <line num="66" count="1" type="stmt"/>
        <line num="68" count="1" type="stmt"/>
        <line num="71" count="28" type="stmt"/>
        <line num="72" count="0" type="cond" truecount="0" falsecount="4"/>
        <line num="73" count="0" type="stmt"/>
        <line num="77" count="28" type="stmt"/>
        <line num="78" count="2" type="cond" truecount="2" falsecount="0"/>
        <line num="83" count="2" type="stmt"/>
        <line num="84" count="2" type="stmt"/>
        <line num="87" count="28" type="stmt"/>
        <line num="88" count="0" type="stmt"/>
        <line num="90" count="0" type="stmt"/>
        <line num="91" count="0" type="stmt"/>
        <line num="95" count="28" type="stmt"/>
        <line num="99" count="28" type="cond" truecount="1" falsecount="1"/>
        <line num="101" count="28" type="stmt"/>
        <line num="124" count="26" type="stmt"/>
        <line num="148" count="1" type="stmt"/>
        <line num="149" count="1" type="stmt"/>
        <line num="155" count="1" type="stmt"/>
        <line num="156" count="1" type="stmt"/>
      </file>
    </package>
  </project>
</coverage>
