{"/Users/rsharma2/workspace/personal/rt-autocomplete/src/Hello/index.tsx": {"path":"/Users/rsharma2/workspace/personal/rt-autocomplete/src/Hello/index.tsx","statementMap":{"0":{"start":{"line":3,"column":47},"end":{"line":3,"column":76}},"1":{"start":{"line":3,"column":61},"end":{"line":3,"column":76}}},"fnMap":{"0":{"name":"(anonymous_0)","decl":{"start":{"line":3,"column":47},"end":{"line":3,"column":48}},"loc":{"start":{"line":3,"column":61},"end":{"line":3,"column":76}},"line":3}},"branchMap":{},"s":{"0":1,"1":2},"f":{"0":2},"b":{},"_coverageSchema":"1a1c01bbd47fc00a2c39e90264f33305004495a9","hash":"e95eab8b78a7f6fa6338918550e6aae65397676a"}
,"/Users/rsharma2/workspace/personal/rt-autocomplete/src/autocomplete/index.tsx": {"path":"/Users/rsharma2/workspace/personal/rt-autocomplete/src/autocomplete/index.tsx","statementMap":{"0":{"start":{"line":25,"column":28},"end":{"line":143,"column":1}},"1":{"start":{"line":38,"column":34},"end":{"line":38,"column":49}},"2":{"start":{"line":39,"column":38},"end":{"line":39,"column":60}},"3":{"start":{"line":41,"column":19},"end":{"line":41,"column":49}},"4":{"start":{"line":42,"column":21},"end":{"line":42,"column":51}},"5":{"start":{"line":44,"column":23},"end":{"line":47,"column":3}},"6":{"start":{"line":45,"column":4},"end":{"line":45,"column":22}},"7":{"start":{"line":46,"column":4},"end":{"line":46,"column":25}},"8":{"start":{"line":49,"column":30},"end":{"line":52,"column":3}},"9":{"start":{"line":50,"column":4},"end":{"line":50,"column":19}},"10":{"start":{"line":51,"column":4},"end":{"line":51,"column":30}},"11":{"start":{"line":54,"column":22},"end":{"line":56,"column":3}},"12":{"start":{"line":55,"column":4},"end":{"line":55,"column":33}},"13":{"start":{"line":58,"column":19},"end":{"line":61,"column":3}},"14":{"start":{"line":59,"column":4},"end":{"line":59,"column":34}},"15":{"start":{"line":60,"column":4},"end":{"line":60,"column":31}},"16":{"start":{"line":63,"column":23},"end":{"line":69,"column":3}},"17":{"start":{"line":64,"column":4},"end":{"line":67,"column":5}},"18":{"start":{"line":65,"column":6},"end":{"line":65,"column":32}},"19":{"start":{"line":66,"column":6},"end":{"line":66,"column":21}},"20":{"start":{"line":68,"column":4},"end":{"line":68,"column":23}},"21":{"start":{"line":71,"column":24},"end":{"line":75,"column":3}},"22":{"start":{"line":72,"column":4},"end":{"line":74,"column":5}},"23":{"start":{"line":73,"column":6},"end":{"line":73,"column":25}},"24":{"start":{"line":77,"column":26},"end":{"line":85,"column":3}},"25":{"start":{"line":78,"column":4},"end":{"line":82,"column":10}},"26":{"start":{"line":83,"column":4},"end":{"line":83,"column":22}},"27":{"start":{"line":84,"column":4},"end":{"line":84,"column":23}},"28":{"start":{"line":87,"column":2},"end":{"line":93,"column":9}},"29":{"start":{"line":88,"column":4},"end":{"line":88,"column":54}},"30":{"start":{"line":90,"column":4},"end":{"line":92,"column":6}},"31":{"start":{"line":91,"column":6},"end":{"line":91,"column":59}},"32":{"start":{"line":95,"column":29},"end":{"line":98,"column":3}},"33":{"start":{"line":99,"column":33},"end":{"line":99,"column":73}},"34":{"start":{"line":101,"column":2},"end":{"line":142,"column":4}},"35":{"start":{"line":124,"column":12},"end":{"line":130,"column":18}},"36":{"start":{"line":124,"column":32},"end":{"line":124,"column":50}},"37":{"start":{"line":148,"column":35},"end":{"line":153,"column":1}},"38":{"start":{"line":149,"column":2},"end":{"line":151,"column":8}},"39":{"start":{"line":155,"column":52},"end":{"line":157,"column":1}},"40":{"start":{"line":156,"column":2},"end":{"line":156,"column":46}}},"fnMap":{"0":{"name":"(anonymous_0)","decl":{"start":{"line":25,"column":28},"end":{"line":25,"column":29}},"loc":{"start":{"line":37,"column":29},"end":{"line":143,"column":1}},"line":37},"1":{"name":"(anonymous_1)","decl":{"start":{"line":44,"column":23},"end":{"line":44,"column":24}},"loc":{"start":{"line":44,"column":29},"end":{"line":47,"column":3}},"line":44},"2":{"name":"(anonymous_2)","decl":{"start":{"line":49,"column":30},"end":{"line":49,"column":31}},"loc":{"start":{"line":49,"column":36},"end":{"line":52,"column":3}},"line":49},"3":{"name":"(anonymous_3)","decl":{"start":{"line":54,"column":22},"end":{"line":54,"column":23}},"loc":{"start":{"line":54,"column":28},"end":{"line":56,"column":3}},"line":54},"4":{"name":"(anonymous_4)","decl":{"start":{"line":58,"column":19},"end":{"line":58,"column":20}},"loc":{"start":{"line":58,"column":63},"end":{"line":61,"column":3}},"line":58},"5":{"name":"(anonymous_5)","decl":{"start":{"line":63,"column":23},"end":{"line":63,"column":24}},"loc":{"start":{"line":63,"column":47},"end":{"line":69,"column":3}},"line":63},"6":{"name":"(anonymous_6)","decl":{"start":{"line":71,"column":24},"end":{"line":71,"column":25}},"loc":{"start":{"line":71,"column":36},"end":{"line":75,"column":3}},"line":71},"7":{"name":"(anonymous_7)","decl":{"start":{"line":77,"column":26},"end":{"line":77,"column":27}},"loc":{"start":{"line":77,"column":32},"end":{"line":85,"column":3}},"line":77},"8":{"name":"(anonymous_8)","decl":{"start":{"line":87,"column":12},"end":{"line":87,"column":13}},"loc":{"start":{"line":87,"column":18},"end":{"line":93,"column":3}},"line":87},"9":{"name":"(anonymous_9)","decl":{"start":{"line":90,"column":11},"end":{"line":90,"column":12}},"loc":{"start":{"line":90,"column":17},"end":{"line":92,"column":5}},"line":90},"10":{"name":"(anonymous_10)","decl":{"start":{"line":123,"column":34},"end":{"line":123,"column":35}},"loc":{"start":{"line":124,"column":12},"end":{"line":130,"column":18}},"line":124},"11":{"name":"(anonymous_11)","decl":{"start":{"line":124,"column":26},"end":{"line":124,"column":27}},"loc":{"start":{"line":124,"column":32},"end":{"line":124,"column":50}},"line":124},"12":{"name":"(anonymous_12)","decl":{"start":{"line":148,"column":35},"end":{"line":148,"column":36}},"loc":{"start":{"line":149,"column":2},"end":{"line":151,"column":8}},"line":149},"13":{"name":"(anonymous_13)","decl":{"start":{"line":155,"column":52},"end":{"line":155,"column":53}},"loc":{"start":{"line":156,"column":2},"end":{"line":156,"column":46}},"line":156}},"branchMap":{"0":{"loc":{"start":{"line":33,"column":2},"end":{"line":33,"column":19}},"type":"default-arg","locations":[{"start":{"line":33,"column":17},"end":{"line":33,"column":19}}],"line":33},"1":{"loc":{"start":{"line":35,"column":2},"end":{"line":35,"column":26}},"type":"default-arg","locations":[{"start":{"line":35,"column":21},"end":{"line":35,"column":26}}],"line":35},"2":{"loc":{"start":{"line":46,"column":4},"end":{"line":46,"column":24}},"type":"binary-expr","locations":[{"start":{"line":46,"column":4},"end":{"line":46,"column":11}},{"start":{"line":46,"column":15},"end":{"line":46,"column":24}}],"line":46},"3":{"loc":{"start":{"line":55,"column":4},"end":{"line":55,"column":32}},"type":"binary-expr","locations":[{"start":{"line":55,"column":4},"end":{"line":55,"column":10}},{"start":{"line":55,"column":14},"end":{"line":55,"column":32}}],"line":55},"4":{"loc":{"start":{"line":64,"column":4},"end":{"line":67,"column":5}},"type":"if","locations":[{"start":{"line":64,"column":4},"end":{"line":67,"column":5}},{"start":{},"end":{}}],"line":64},"5":{"loc":{"start":{"line":72,"column":4},"end":{"line":74,"column":5}},"type":"if","locations":[{"start":{"line":72,"column":4},"end":{"line":74,"column":5}},{"start":{},"end":{}}],"line":72},"6":{"loc":{"start":{"line":72,"column":8},"end":{"line":72,"column":69}},"type":"binary-expr","locations":[{"start":{"line":72,"column":8},"end":{"line":72,"column":26}},{"start":{"line":72,"column":30},"end":{"line":72,"column":69}}],"line":72},"7":{"loc":{"start":{"line":78,"column":4},"end":{"line":82,"column":9}},"type":"cond-expr","locations":[{"start":{"line":79,"column":8},"end":{"line":79,"column":31}},{"start":{"line":80,"column":8},"end":{"line":82,"column":9}}],"line":78},"8":{"loc":{"start":{"line":97,"column":4},"end":{"line":97,"column":44}},"type":"cond-expr","locations":[{"start":{"line":97,"column":14},"end":{"line":97,"column":21}},{"start":{"line":97,"column":24},"end":{"line":97,"column":44}}],"line":97},"9":{"loc":{"start":{"line":99,"column":33},"end":{"line":99,"column":73}},"type":"cond-expr","locations":[{"start":{"line":99,"column":43},"end":{"line":99,"column":69}},{"start":{"line":99,"column":72},"end":{"line":99,"column":73}}],"line":99},"10":{"loc":{"start":{"line":113,"column":9},"end":{"line":119,"column":9}},"type":"cond-expr","locations":[{"start":{"line":114,"column":10},"end":{"line":114,"column":75}},{"start":{"line":116,"column":10},"end":{"line":118,"column":17}}],"line":113},"11":{"loc":{"start":{"line":113,"column":9},"end":{"line":113,"column":48}},"type":"binary-expr","locations":[{"start":{"line":113,"column":9},"end":{"line":113,"column":25}},{"start":{"line":113,"column":29},"end":{"line":113,"column":48}}],"line":113},"12":{"loc":{"start":{"line":121,"column":7},"end":{"line":140,"column":7}},"type":"binary-expr","locations":[{"start":{"line":121,"column":7},"end":{"line":121,"column":15}},{"start":{"line":121,"column":19},"end":{"line":121,"column":48}},{"start":{"line":122,"column":8},"end":{"line":139,"column":14}}],"line":121},"13":{"loc":{"start":{"line":125,"column":15},"end":{"line":129,"column":15}},"type":"cond-expr","locations":[{"start":{"line":126,"column":16},"end":{"line":126,"column":49}},{"start":{"line":128,"column":16},"end":{"line":128,"column":53}}],"line":125},"14":{"loc":{"start":{"line":132,"column":11},"end":{"line":138,"column":11}},"type":"binary-expr","locations":[{"start":{"line":132,"column":11},"end":{"line":132,"column":29}},{"start":{"line":132,"column":33},"end":{"line":132,"column":62}},{"start":{"line":133,"column":12},"end":{"line":137,"column":18}}],"line":132}},"s":{"0":1,"1":28,"2":28,"3":28,"4":28,"5":28,"6":8,"7":8,"8":28,"9":0,"10":0,"11":28,"12":1,"13":28,"14":1,"15":1,"16":28,"17":1,"18":1,"19":1,"20":1,"21":28,"22":0,"23":0,"24":28,"25":2,"26":2,"27":2,"28":28,"29":0,"30":0,"31":0,"32":28,"33":28,"34":28,"35":26,"36":1,"37":1,"38":1,"39":1,"40":1},"f":{"0":28,"1":8,"2":0,"3":1,"4":1,"5":1,"6":0,"7":2,"8":0,"9":0,"10":26,"11":1,"12":1,"13":1},"b":{"0":[22],"1":[26],"2":[8,8],"3":[1,1],"4":[1,0],"5":[0,0],"6":[0,0],"7":[1,1],"8":[28,0],"9":[28,0],"10":[2,26],"11":[28,2],"12":[28,11,11],"13":[2,24],"14":[11,7,7]},"_coverageSchema":"1a1c01bbd47fc00a2c39e90264f33305004495a9","hash":"a8d187553a4d0388bf720e096f83edec2acf88cb"}
}
