TN:
SF:src/Hello/index.tsx
FN:3,(anonymous_0)
FNF:1
FNH:1
FNDA:2,(anonymous_0)
DA:3,2
LF:1
LH:1
BRF:0
BRH:0
end_of_record
TN:
SF:src/autocomplete/index.tsx
FN:25,(anonymous_0)
FN:44,(anonymous_1)
FN:49,(anonymous_2)
FN:54,(anonymous_3)
FN:58,(anonymous_4)
FN:63,(anonymous_5)
FN:71,(anonymous_6)
FN:77,(anonymous_7)
FN:87,(anonymous_8)
FN:90,(anonymous_9)
FN:123,(anonymous_10)
FN:124,(anonymous_11)
FN:148,(anonymous_12)
FN:155,(anonymous_13)
FNF:14
FNH:10
FNDA:28,(anonymous_0)
FNDA:8,(anonymous_1)
FNDA:0,(anonymous_2)
FNDA:1,(anonymous_3)
FNDA:1,(anonymous_4)
FNDA:1,(anonymous_5)
FNDA:0,(anonymous_6)
FNDA:2,(anonymous_7)
FNDA:0,(anonymous_8)
FNDA:0,(anonymous_9)
FNDA:26,(anonymous_10)
FNDA:1,(anonymous_11)
FNDA:1,(anonymous_12)
FNDA:1,(anonymous_13)
DA:25,1
DA:38,28
DA:39,28
DA:41,28
DA:42,28
DA:44,28
DA:45,8
DA:46,8
DA:49,28
DA:50,0
DA:51,0
DA:54,28
DA:55,1
DA:58,28
DA:59,1
DA:60,1
DA:63,28
DA:64,1
DA:65,1
DA:66,1
DA:68,1
DA:71,28
DA:72,0
DA:73,0
DA:77,28
DA:78,2
DA:83,2
DA:84,2
DA:87,28
DA:88,0
DA:90,0
DA:91,0
DA:95,28
DA:99,28
DA:101,28
DA:124,26
DA:148,1
DA:149,1
DA:155,1
DA:156,1
LF:40
LH:33
BRDA:33,0,0,22
BRDA:35,1,0,26
BRDA:46,2,0,8
BRDA:46,2,1,8
BRDA:55,3,0,1
BRDA:55,3,1,1
BRDA:64,4,0,1
BRDA:64,4,1,0
BRDA:72,5,0,0
BRDA:72,5,1,0
BRDA:72,6,0,0
BRDA:72,6,1,0
BRDA:78,7,0,1
BRDA:78,7,1,1
BRDA:97,8,0,28
BRDA:97,8,1,0
BRDA:99,9,0,28
BRDA:99,9,1,0
BRDA:113,10,0,2
BRDA:113,10,1,26
BRDA:113,11,0,28
BRDA:113,11,1,2
BRDA:121,12,0,28
BRDA:121,12,1,11
BRDA:121,12,2,11
BRDA:125,13,0,2
BRDA:125,13,1,24
BRDA:132,14,0,11
BRDA:132,14,1,7
BRDA:132,14,2,7
BRF:30
BRH:23
end_of_record
